<?xml version="1.0" encoding="UTF-8"?>
<testsuite xmlns:xsi="http://www.w3.org/2001/XMLSchema-instance" xsi:noNamespaceSchemaLocation="https://maven.apache.org/surefire/maven-surefire-plugin/xsd/surefire-test-report.xsd" version="3.0.2" name="com.project.member.MemberApplicationTests" time="6.88" tests="1" errors="0" skipped="0" failures="0">
  <properties>
[...]
</properties>
  <testcase name="contextLoads" classname="com.project.member.MemberApplicationTests" time="0.537">
    <system-out><![CDATA[04:54:33.715 [main] INFO org.springframework.test.context.support.AnnotationConfigContextLoaderUtils -- Could not detect default configuration classes for test class [com.project.member.MemberApplicationTests]: MemberApplicationTests does not declare any static, non-private, non-final, nested classes annotated with @Configuration.
04:54:33.876 [main] INFO org.springframework.boot.test.context.SpringBootTestContextBootstrapper -- Found @SpringBootConfiguration com.project.member.MemberApplication for test class com.project.member.MemberApplicationTests

  .   ____          _            __ _ _
 /\\ / ___'_ __ _ _(_)_ __  __ _ \ \ \ \
( ( )\___ | '_ | '_| | '_ \/ _` | \ \ \ \
 \\/  ___)| |_)| | | | | || (_| |  ) ) ) )
  '  |____| .__|_| |_|_| |_\__, | / / / /
 =========|_|==============|___/=/_/_/_/

 :: Spring Boot ::                (v3.5.8)

2025-12-04T04:54:34.464+07:00  INFO 28080 --- [member] [           main] c.project.member.MemberApplicationTests  : Starting MemberApplicationTests using Java 21.0.9 with PID 28080 (started by apri.liyantoko in D:\Kerjaan\Code\ULP\developer-learning\training-project-2025-11\member)
2025-12-04T04:54:34.465+07:00  INFO 28080 --- [member] [           main] c.project.member.MemberApplicationTests  : No active profile set, falling back to 1 default profile: "default"
2025-12-04T04:54:35.534+07:00  INFO 28080 --- [member] [           main] .s.d.r.c.RepositoryConfigurationDelegate : Bootstrapping Spring Data JPA repositories in DEFAULT mode.
2025-12-04T04:54:35.605+07:00  INFO 28080 --- [member] [           main] .s.d.r.c.RepositoryConfigurationDelegate : Finished Spring Data repository scanning in 58 ms. Found 2 JPA repository interfaces.
2025-12-04T04:54:36.232+07:00  INFO 28080 --- [member] [           main] o.hibernate.jpa.internal.util.LogHelper  : HHH000204: Processing PersistenceUnitInfo [name: default]
2025-12-04T04:54:36.347+07:00  INFO 28080 --- [member] [           main] org.hibernate.Version                    : HHH000412: Hibernate ORM core version 6.6.36.Final
2025-12-04T04:54:36.399+07:00  INFO 28080 --- [member] [           main] o.h.c.internal.RegionFactoryInitiator    : HHH000026: Second-level cache disabled
2025-12-04T04:54:36.853+07:00  INFO 28080 --- [member] [           main] o.s.o.j.p.SpringPersistenceUnitInfo      : No LoadTimeWeaver setup: ignoring JPA class transformer
2025-12-04T04:54:36.897+07:00  INFO 28080 --- [member] [           main] com.zaxxer.hikari.HikariDataSource       : HikariPool-1 - Starting...
2025-12-04T04:54:37.158+07:00  INFO 28080 --- [member] [           main] com.zaxxer.hikari.pool.HikariPool        : HikariPool-1 - Added connection org.postgresql.jdbc.PgConnection@1308ef19
2025-12-04T04:54:37.159+07:00  INFO 28080 --- [member] [           main] com.zaxxer.hikari.HikariDataSource       : HikariPool-1 - Start completed.
2025-12-04T04:54:37.222+07:00  WARN 28080 --- [member] [           main] org.hibernate.orm.deprecation            : HHH90000025: PostgreSQLDialect does not need to be specified explicitly using 'hibernate.dialect' (remove the property setting and it will be selected by default)
2025-12-04T04:54:37.251+07:00  INFO 28080 --- [member] [           main] org.hibernate.orm.connections.pooling    : HHH10001005: Database info:
	Database JDBC URL [Connecting through datasource 'HikariDataSource (HikariPool-1)']
	Database driver: undefined/unknown
	Database version: 16.11
	Autocommit mode: undefined/unknown
	Isolation level: undefined/unknown
	Minimum pool size: undefined/unknown
	Maximum pool size: undefined/unknown
2025-12-04T04:54:38.219+07:00  INFO 28080 --- [member] [           main] o.h.e.t.j.p.i.JtaPlatformInitiator       : HHH000489: No JTA platform available (set 'hibernate.transaction.jta.platform' to enable JTA platform integration)
2025-12-04T04:54:38.322+07:00  INFO 28080 --- [member] [           main] j.LocalContainerEntityManagerFactoryBean : Initialized JPA EntityManagerFactory for persistence unit 'default'
2025-12-04T04:54:38.929+07:00  WARN 28080 --- [member] [           main] JpaBaseConfiguration$JpaWebConfiguration : spring.jpa.open-in-view is enabled by default. Therefore, database queries may be performed during view rendering. Explicitly configure spring.jpa.open-in-view to disable this warning
2025-12-04T04:54:39.243+07:00  WARN 28080 --- [member] [           main] .s.s.UserDetailsServiceAutoConfiguration : 

Using generated security password: e49a02f5-554e-43e7-918a-861911f33f68

This generated password is for development use only. Your security configuration must be updated before running your application in production.

2025-12-04T04:54:39.254+07:00  INFO 28080 --- [member] [           main] r$InitializeUserDetailsManagerConfigurer : Global AuthenticationManager configured with UserDetailsService bean with name inMemoryUserDetailsManager
2025-12-04T04:54:39.818+07:00  INFO 28080 --- [member] [           main] c.project.member.MemberApplicationTests  : Started MemberApplicationTests in 5.679 seconds (process running for 7.355)
]]></system-out>
    <system-err><![CDATA[Mockito is currently self-attaching to enable the inline-mock-maker. This will no longer work in future releases of the JDK. Please add Mockito as an agent to your build as described in Mockito's documentation: https://javadoc.io/doc/org.mockito/mockito-core/latest/org.mockito/org/mockito/Mockito.html#0.3
WARNING: A Java agent has been loaded dynamically (C:\Users\apri.liyantoko\.m2\repository\net\bytebuddy\byte-buddy-agent\1.17.8\byte-buddy-agent-1.17.8.jar)
WARNING: If a serviceability tool is in use, please run with -XX:+EnableDynamicAgentLoading to hide this warning
WARNING: If a serviceability tool is not in use, please run with -Djdk.instrument.traceUsage for more information
WARNING: Dynamic loading of agents will be disallowed by default in a future release
]]></system-err>
  </testcase>
</testsuite>