<?xml version="1.0" encoding="UTF-8"?>
<testsuite xmlns:xsi="http://www.w3.org/2001/XMLSchema-instance" xsi:noNamespaceSchemaLocation="https://maven.apache.org/surefire/maven-surefire-plugin/xsd/surefire-test-report-3.0.xsd" version="3.0" name="com.marketplace.cart.service.impl.CartServiceImplTest" time="3.166" tests="5" errors="0" skipped="0" failures="0">
  <properties>
[...]
</properties>
  <testcase name="testRemoveItem_Success" classname="com.marketplace.cart.service.impl.CartServiceImplTest" time="2.841">
    <system-out><![CDATA[02:46:34.942 [main] INFO com.marketplace.cart.service.impl.CartServiceImpl -- Item removed from cart for userId: user-123, productId: PROD-123
]]></system-out>
    <system-err><![CDATA[WARNING: A Java agent has been loaded dynamically (/Users/nipungoyal/.m2/repository/net/bytebuddy/byte-buddy-agent/1.14.10/byte-buddy-agent-1.14.10.jar)
WARNING: If a serviceability tool is in use, please run with -XX:+EnableDynamicAgentLoading to hide this warning
WARNING: If a serviceability tool is not in use, please run with -Djdk.instrument.traceUsage for more information
WARNING: Dynamic loading of agents will be disallowed by default in a future release
]]></system-err>
  </testcase>
  <testcase name="testAddItem_SetQuantity" classname="com.marketplace.cart.service.impl.CartServiceImplTest" time="0.121">
    <system-out><![CDATA[02:46:35.040 [main] INFO com.marketplace.cart.service.impl.CartServiceImpl -- Item added to cart for userId: user-123, productId: PROD-123
]]></system-out>
  </testcase>
  <testcase name="testAddItem_IncreaseQuantity" classname="com.marketplace.cart.service.impl.CartServiceImplTest" time="0.015">
    <system-out><![CDATA[02:46:35.157 [main] INFO com.marketplace.cart.service.impl.CartServiceImpl -- Item quantity increase for userId: user-123, productId: PROD-123, newQuantity: 5
]]></system-out>
  </testcase>
  <testcase name="testGetCart_Success" classname="com.marketplace.cart.service.impl.CartServiceImplTest" time="0.036"/>
  <testcase name="testRemoveItem_CartNotFound" classname="com.marketplace.cart.service.impl.CartServiceImplTest" time="0.029"/>
</testsuite>