<?xml version="1.0" encoding="UTF-8"?>
<testsuite xmlns:xsi="http://www.w3.org/2001/XMLSchema-instance" xsi:noNamespaceSchemaLocation="https://maven.apache.org/surefire/maven-surefire-plugin/xsd/surefire-test-report-3.0.xsd" version="3.0" name="com.marketplace.search.service.impl.SearchServiceImplTest" time="3.502" tests="2" errors="0" skipped="0" failures="0">
  <properties>
[...]
</properties>
  <testcase name="testSearch_Success" classname="com.marketplace.search.service.impl.SearchServiceImplTest" time="3.358">
    <system-out><![CDATA[02:46:42.436 [main] INFO com.marketplace.search.service.impl.SearchServiceImpl -- Search completed for query: 'laptop', found 1 results
]]></system-out>
    <system-err><![CDATA[WARNING: A Java agent has been loaded dynamically (/Users/nipungoyal/.m2/repository/net/bytebuddy/byte-buddy-agent/1.14.10/byte-buddy-agent-1.14.10.jar)
WARNING: If a serviceability tool is in use, please run with -XX:+EnableDynamicAgentLoading to hide this warning
WARNING: If a serviceability tool is not in use, please run with -Djdk.instrument.traceUsage for more information
WARNING: Dynamic loading of agents will be disallowed by default in a future release
]]></system-err>
  </testcase>
  <testcase name="testSearch_NoResults" classname="com.marketplace.search.service.impl.SearchServiceImplTest" time="0.016">
    <system-out><![CDATA[02:46:42.595 [main] INFO com.marketplace.search.service.impl.SearchServiceImpl -- Search completed for query: 'nonexistent', found 0 results
]]></system-out>
  </testcase>
</testsuite>